INFO:  latexindent.pl version 3.24.7, 2025-08-15, a script to indent .tex files
       latexindent.pl lives here: C:/Users/u0138258/AppData/Roaming/MiKTeX/scripts/latexindent/
       Fri Mar 13 16:21:37 2026
       Filename: c:/Users/u0138258/Documents/thesis-latex/chapters/Experimental_data_acquisition/__latexindent_temp_Experimental_data_acquisition.tex
INFO:  Processing switches:
       -y|--yaml: YAML settings specified via command line
       -c|--cruft: cruft directory
INFO:  Directory for backup files and log file c:\Users\u0138258\Documents\thesis-latex\indent.log:
       c:\Users\u0138258\Documents\thesis-latex\
INFO:  Perl modules are being loaded from the following directories:
       C:/Workdir/Programs/Perl/perl/lib/FindBin.pm
       C:/Workdir/Programs/Perl/perl/vendor/lib/YAML/Tiny.pm
       C:/Workdir/Programs/Perl/perl/lib/File/Copy.pm
       C:/Workdir/Programs/Perl/perl/lib/File/Basename.pm
       C:/Workdir/Programs/Perl/perl/lib/Getopt/Long.pm
       C:/Workdir/Programs/Perl/perl/vendor/lib/File/HomeDir.pm
INFO:  LatexIndent perl modules are being loaded from, for example:
       C:/Users/u0138258/AppData/Roaming/MiKTeX/scripts/latexindent/LatexIndent/Document.pm
INFO:  YAML settings read: defaultSettings.yaml
       Reading defaultSettings.yaml from C:/Users/u0138258/AppData/Roaming/MiKTeX/scripts/latexindent/defaultSettings.yaml
INFO:  YAML reading settings
       Home directory is C:\Users\u0138258
       latexindent.pl didn't find indentconfig.yaml or .indentconfig.yaml
       see all possible locations: https://latexindentpl.readthedocs.io/en/latest/sec-appendices.html#indentconfig-options)
INFO:  YAML settings read: -y switch
       YAML setting: defaultIndent:'    '
       single-quoted string found in -y switch: '    ', substitute to     
       Updating mainSettings with defaultIndent:     
INFO:  Phase 1: searching for objects
INFO:  Phase 2: finding surrounding indentation
INFO:  Phase 3: indenting objects
INFO:  Phase 4: final indentation check
INFO:  Output routine:
       Not outputting to file; see -w and -o switches for more options.
       --------------
INFO:  Please direct all communication/issues to:
        https://github.com/cmhughes/latexindent.pl
